running e2c t45
Token(TK.DECLARE @ 1)
Token(TK.ID a 1)
Token(TK.ID a 2)
scan: line 2 bad char (ASCII 61)
Token(TK.NUM 23 2)
Token(TK.IF [ 3)
Token(TK.ID a 3)
Token(TK.THEN : 3)
Token(TK.PRINT ! 3)
Token(TK.ID a 3)
Token(TK.ELSE % 4)
Token(TK.DECLARE @ 5)
Token(TK.ID a 5)
Token(TK.ID a 6)
scan: line 6 bad char (ASCII 61)
Token(TK.NUM 999 6)
Token(TK.PRINT ! 7)
Token(TK.ID a 7)
Token(TK.PLUS + 7)
Token(TK.ID a 7)
Token(TK.IF [ 8)
Token(TK.ID a 8)
Token(TK.THEN : 8)
Token(TK.PRINT ! 8)
Token(TK.NUM 1111 8)
Token(TK.ELSE % 9)
Token(TK.DECLARE @ 9)
Token(TK.ID a 9)
Token(TK.ID a 10)
scan: line 10 bad char (ASCII 61)
Token(TK.NUM 8888 10)
scan: line 11 bad char (ASCII 126)
Token(TK.NUM 2 11)
Token(TK.ID a 11)
scan: line 11 bad char (ASCII 61)
Token(TK.NUM 44 11)
Token(TK.PRINT ! 12)
Token(TK.ID a 12)
scan: line 13 bad char (ASCII 126)
Token(TK.ID a 13)
scan: line 13 bad char (ASCII 61)
Token(TK.NUM 11 13)
scan: line 14 bad char (ASCII 126)
Token(TK.NUM 0 14)
Token(TK.ID a 14)
scan: line 14 bad char (ASCII 61)
Token(TK.ID a 14)
Token(TK.PLUS + 14)
Token(TK.NUM 10000 14)
scan: line 15 bad char (ASCII 126)
Token(TK.NUM 1 15)
Token(TK.ID a 15)
scan: line 15 bad char (ASCII 61)
scan: line 15 bad char (ASCII 126)
Token(TK.NUM 1 15)
Token(TK.ID a 15)
Token(TK.PLUS + 15)
Token(TK.NUM 1 15)
scan: line 16 bad char (ASCII 126)
Token(TK.NUM 2 16)
Token(TK.ID a 16)
scan: line 16 bad char (ASCII 61)
scan: line 16 bad char (ASCII 126)
Token(TK.NUM 2 16)
Token(TK.ID a 16)
Token(TK.PLUS + 16)
Token(TK.NUM 100 16)
Token(TK.PRINT ! 17)
Token(TK.ID a 17)
Token(TK.PRINT ! 17)
scan: line 17 bad char (ASCII 126)
Token(TK.ID a 17)
Token(TK.PRINT ! 17)
scan: line 17 bad char (ASCII 126)
Token(TK.NUM 2 17)
Token(TK.ID a 17)
Token(TK.PRINT ! 17)
scan: line 17 bad char (ASCII 126)
Token(TK.NUM 0 17)
Token(TK.ID a 17)
Token(TK.PRINT ! 17)
scan: line 17 bad char (ASCII 126)
Token(TK.NUM 1 17)
Token(TK.ID a 17)
Token(TK.ENDIF ] 18)
Token(TK.PRINT ! 19)
Token(TK.ID a 19)
Token(TK.PRINT ! 20)
scan: line 20 bad char (ASCII 126)
Token(TK.ID a 20)
Token(TK.PRINT ! 21)
scan: line 21 bad char (ASCII 126)
Token(TK.NUM 0 21)
Token(TK.ID a 21)
Token(TK.PRINT ! 22)
scan: line 22 bad char (ASCII 126)
Token(TK.NUM 1 22)
Token(TK.ID a 22)
Token(TK.ENDIF ] 23)
Token(TK.PRINT ! 24)
Token(TK.ID a 24)
Token(TK.PRINT ! 25)
scan: line 25 bad char (ASCII 126)
Token(TK.ID a 25)
Token(TK.PRINT ! 26)
scan: line 26 bad char (ASCII 126)
Token(TK.NUM 0 26)
Token(TK.ID a 26)
Token(TK.EOF *EOF* 27)
