running e2c t47
Token(TK.DECLARE @ 1)
Token(TK.ID bbbb 1)
Token(TK.ID bbbb 2)
scan: line 2 bad char (ASCII 61)
Token(TK.NUM 23 2)
Token(TK.IF [ 3)
Token(TK.ID bbbb 3)
Token(TK.THEN : 3)
Token(TK.PRINT ! 3)
Token(TK.ID bbbb 3)
Token(TK.ELSE % 4)
Token(TK.DECLARE @ 5)
Token(TK.ID k 5)
Token(TK.ID k 6)
scan: line 6 bad char (ASCII 61)
Token(TK.NUM 999 6)
Token(TK.PRINT ! 7)
Token(TK.ID k 7)
Token(TK.PLUS + 7)
Token(TK.ID k 7)
Token(TK.IF [ 8)
Token(TK.ID k 8)
Token(TK.THEN : 8)
Token(TK.PRINT ! 8)
Token(TK.NUM 1111 8)
Token(TK.ELSE % 9)
Token(TK.DECLARE @ 9)
Token(TK.ID bbbb 9)
Token(TK.ID bbbb 10)
scan: line 10 bad char (ASCII 61)
Token(TK.NUM 8888 10)
scan: line 11 bad char (ASCII 126)
Token(TK.NUM 2 11)
Token(TK.ID bbbb 11)
scan: line 11 bad char (ASCII 61)
Token(TK.NUM 44 11)
Token(TK.PRINT ! 12)
Token(TK.ID bbbb 12)
scan: line 13 bad char (ASCII 126)
Token(TK.ID bbbb 13)
scan: line 13 bad char (ASCII 61)
Token(TK.NUM 11 13)
scan: line 14 bad char (ASCII 126)
Token(TK.NUM 0 14)
Token(TK.ID bbbb 14)
scan: line 14 bad char (ASCII 61)
Token(TK.ID bbbb 14)
Token(TK.PLUS + 14)
Token(TK.NUM 10000 14)
Token(TK.DO < 15)
scan: line 15 bad char (ASCII 126)
Token(TK.ID bbbb 15)
Token(TK.MINUS - 15)
Token(TK.NUM 22 15)
Token(TK.THEN : 15)
Token(TK.DECLARE @ 15)
Token(TK.ID bbbb 15)
Token(TK.ID bbbb 15)
scan: line 15 bad char (ASCII 61)
Token(TK.NUM 77 15)
Token(TK.PRINT ! 15)
scan: line 15 bad char (ASCII 126)
Token(TK.ID bbbb 15)
Token(TK.PRINT ! 15)
Token(TK.ID bbbb 15)
scan: line 15 bad char (ASCII 126)
Token(TK.ID bbbb 15)
scan: line 15 bad char (ASCII 61)
scan: line 15 bad char (ASCII 126)
Token(TK.ID bbbb 15)
Token(TK.PLUS + 15)
Token(TK.NUM 1 15)
Token(TK.PRINT ! 15)
Token(TK.ID k 15)
scan: line 15 bad char (ASCII 62)
Token(TK.ID k 16)
scan: line 16 bad char (ASCII 61)
Token(TK.ID k 16)
Token(TK.PLUS + 16)
Token(TK.NUM 1 16)
Token(TK.PRINT ! 17)
scan: line 17 bad char (ASCII 126)
Token(TK.ID k 17)
scan: line 18 bad char (ASCII 126)
Token(TK.NUM 2 18)
Token(TK.ID bbbb 18)
scan: line 18 bad char (ASCII 61)
scan: line 18 bad char (ASCII 126)
Token(TK.NUM 2 18)
Token(TK.ID bbbb 18)
Token(TK.PLUS + 18)
Token(TK.NUM 100 18)
Token(TK.PRINT ! 19)
Token(TK.ID bbbb 19)
Token(TK.PRINT ! 19)
scan: line 19 bad char (ASCII 126)
Token(TK.ID bbbb 19)
Token(TK.PRINT ! 19)
scan: line 19 bad char (ASCII 126)
Token(TK.NUM 2 19)
Token(TK.ID bbbb 19)
Token(TK.PRINT ! 19)
scan: line 19 bad char (ASCII 126)
Token(TK.NUM 0 19)
Token(TK.ID bbbb 19)
Token(TK.PRINT ! 19)
Token(TK.ID k 19)
Token(TK.ENDIF ] 20)
Token(TK.PRINT ! 21)
Token(TK.ID k 21)
Token(TK.PRINT ! 22)
scan: line 22 bad char (ASCII 126)
Token(TK.ID bbbb 22)
Token(TK.PRINT ! 23)
scan: line 23 bad char (ASCII 126)
Token(TK.NUM 0 23)
Token(TK.ID k 23)
Token(TK.PRINT ! 24)
scan: line 24 bad char (ASCII 126)
Token(TK.NUM 1 24)
Token(TK.ID bbbb 24)
Token(TK.ENDIF ] 25)
Token(TK.PRINT ! 26)
Token(TK.ID bbbb 26)
Token(TK.PRINT ! 27)
scan: line 27 bad char (ASCII 126)
Token(TK.ID bbbb 27)
Token(TK.PRINT ! 28)
scan: line 28 bad char (ASCII 126)
Token(TK.NUM 0 28)
Token(TK.ID bbbb 28)
Token(TK.EOF *EOF* 29)
