running e2c t49
Token(TK.DECLARE @ 2)
Token(TK.ID bbbb 2)
Token(TK.ID bbbb 3)
scan: line 3 bad char (ASCII 61)
Token(TK.NUM 23 3)
Token(TK.IF [ 4)
Token(TK.ID bbbb 4)
Token(TK.THEN : 4)
Token(TK.PRINT ! 4)
Token(TK.ID bbbb 4)
Token(TK.ELSE % 5)
Token(TK.DECLARE @ 6)
Token(TK.ID k 6)
Token(TK.ID k 7)
scan: line 7 bad char (ASCII 61)
Token(TK.NUM 999 7)
Token(TK.PRINT ! 8)
Token(TK.ID k 8)
Token(TK.PLUS + 8)
Token(TK.ID k 8)
Token(TK.IF [ 9)
Token(TK.ID k 9)
Token(TK.THEN : 9)
Token(TK.PRINT ! 9)
Token(TK.NUM 1111 9)
Token(TK.ELSE % 10)
Token(TK.DECLARE @ 10)
Token(TK.ID bbbb 10)
Token(TK.ID bbbb 11)
scan: line 11 bad char (ASCII 61)
Token(TK.NUM 8888 11)
scan: line 12 bad char (ASCII 126)
Token(TK.NUM 2 12)
Token(TK.ID bbbb 12)
scan: line 12 bad char (ASCII 61)
Token(TK.NUM 44 12)
Token(TK.PRINT ! 13)
Token(TK.ID bbbb 13)
scan: line 14 bad char (ASCII 126)
Token(TK.ID bbbb 14)
scan: line 14 bad char (ASCII 61)
Token(TK.NUM 11 14)
scan: line 15 bad char (ASCII 126)
Token(TK.NUM 0 15)
Token(TK.ID bbbb 15)
scan: line 15 bad char (ASCII 61)
Token(TK.ID bbbb 15)
Token(TK.PLUS + 15)
Token(TK.NUM 10000 15)
Token(TK.DO < 16)
scan: line 16 bad char (ASCII 126)
Token(TK.ID bbbb 16)
Token(TK.MINUS - 16)
Token(TK.NUM 22 16)
Token(TK.THEN : 16)
Token(TK.DECLARE @ 16)
Token(TK.ID bbbb 16)
Token(TK.ID bbbb 16)
scan: line 16 bad char (ASCII 61)
Token(TK.NUM 77 16)
Token(TK.PRINT ! 16)
scan: line 16 bad char (ASCII 126)
Token(TK.ID bbbb 16)
Token(TK.PRINT ! 16)
Token(TK.ID bbbb 16)
scan: line 16 bad char (ASCII 126)
Token(TK.ID bbbb 16)
scan: line 16 bad char (ASCII 61)
scan: line 16 bad char (ASCII 126)
Token(TK.ID bbbb 16)
Token(TK.PLUS + 16)
Token(TK.NUM 1 16)
Token(TK.PRINT ! 16)
Token(TK.ID k 16)
scan: line 16 bad char (ASCII 62)
Token(TK.ID k 17)
scan: line 17 bad char (ASCII 61)
Token(TK.ID k 17)
Token(TK.PLUS + 17)
Token(TK.NUM 1 17)
scan: line 18 bad char (ASCII 126)
Token(TK.NUM 2 18)
Token(TK.ID bbbb 18)
scan: line 18 bad char (ASCII 61)
scan: line 18 bad char (ASCII 126)
Token(TK.NUM 2 18)
Token(TK.ID bbbb 18)
Token(TK.PLUS + 18)
Token(TK.NUM 100 18)
Token(TK.PRINT ! 19)
Token(TK.ID bbbb 19)
Token(TK.PRINT ! 19)
scan: line 19 bad char (ASCII 126)
Token(TK.ID bbbb 19)
Token(TK.PRINT ! 19)
scan: line 19 bad char (ASCII 126)
Token(TK.NUM 2 19)
Token(TK.ID bbbb 19)
Token(TK.PRINT ! 19)
scan: line 19 bad char (ASCII 126)
Token(TK.NUM 1 19)
Token(TK.ID bbbb 19)
Token(TK.PRINT ! 19)
Token(TK.ID k 19)
Token(TK.ENDIF ] 20)
Token(TK.PRINT ! 21)
Token(TK.ID k 21)
Token(TK.PRINT ! 22)
scan: line 22 bad char (ASCII 126)
Token(TK.ID bbbb 22)
Token(TK.PRINT ! 23)
scan: line 23 bad char (ASCII 126)
Token(TK.NUM 0 23)
Token(TK.ID k 23)
Token(TK.PRINT ! 24)
scan: line 24 bad char (ASCII 126)
Token(TK.NUM 1 24)
Token(TK.ID bbbb 24)
Token(TK.ENDIF ] 25)
Token(TK.PRINT ! 26)
Token(TK.ID bbbb 26)
Token(TK.PRINT ! 27)
scan: line 27 bad char (ASCII 126)
Token(TK.ID bbbb 27)
Token(TK.PRINT ! 28)
scan: line 28 bad char (ASCII 126)
Token(TK.NUM 0 28)
Token(TK.ID bbbb 28)
Token(TK.EOF *EOF* 29)
