running e2c t17
Token(TK.DECLARE @ 5)
Token(TK.ID i 5)
Token(TK.COMMA , 5)
Token(TK.ID k 5)
Token(TK.ID i 6)
scan: line 6 bad char (ASCII 61)
Token(TK.NUM 25 6)
Token(TK.DO < 7)
Token(TK.NUM 10 7)
Token(TK.MINUS - 7)
Token(TK.ID i 7)
Token(TK.THEN : 7)
Token(TK.IF [ 8)
Token(TK.NUM 20 8)
Token(TK.MINUS - 8)
Token(TK.ID i 8)
Token(TK.THEN : 8)
Token(TK.ID k 9)
scan: line 9 bad char (ASCII 61)
Token(TK.NUM 20 9)
Token(TK.MINUS - 9)
Token(TK.ID i 9)
Token(TK.ID h 10)
scan: line 10 bad char (ASCII 61)
Token(TK.NUM 77 10)
Token(TK.ID hh 11)
scan: line 11 bad char (ASCII 61)
Token(TK.ID hhh 11)
Token(TK.DO < 12)
Token(TK.ID k 12)
Token(TK.THEN : 12)
Token(TK.PRINT ! 12)
Token(TK.ID k 12)
Token(TK.ID k 12)
scan: line 12 bad char (ASCII 61)
Token(TK.ID k 12)
Token(TK.PLUS + 12)
Token(TK.NUM 1 12)
scan: line 12 bad char (ASCII 62)
Token(TK.ELSEIF | 13)
Token(TK.NUM 15 13)
Token(TK.MINUS - 13)
Token(TK.ID i 13)
Token(TK.THEN : 13)
Token(TK.ID k 14)
scan: line 14 bad char (ASCII 61)
Token(TK.NUM 15 14)
Token(TK.MINUS - 14)
Token(TK.ID i 14)
Token(TK.DO < 15)
Token(TK.ID k 15)
Token(TK.THEN : 15)
Token(TK.DECLARE @ 15)
Token(TK.ID long 15)
Token(TK.ID long 15)
scan: line 15 bad char (ASCII 61)
Token(TK.NUM 10 15)
Token(TK.TIMES * 15)
Token(TK.ID k 15)
Token(TK.PRINT ! 15)
Token(TK.ID long 15)
Token(TK.ID k 15)
scan: line 15 bad char (ASCII 61)
Token(TK.ID k 15)
Token(TK.PLUS + 15)
Token(TK.NUM 1 15)
scan: line 15 bad char (ASCII 62)
Token(TK.PRINT ! 16)
Token(TK.ID long 16)
Token(TK.ELSE % 17)
Token(TK.ID k 18)
scan: line 18 bad char (ASCII 61)
Token(TK.NUM 10 18)
Token(TK.MINUS - 18)
Token(TK.ID i 18)
Token(TK.DO < 19)
Token(TK.ID k 19)
Token(TK.THEN : 19)
Token(TK.PRINT ! 19)
Token(TK.ID k 19)
Token(TK.ID k 19)
scan: line 19 bad char (ASCII 61)
Token(TK.ID k 19)
Token(TK.PLUS + 19)
Token(TK.NUM 1 19)
scan: line 19 bad char (ASCII 62)
Token(TK.ENDIF ] 20)
Token(TK.ID i 21)
scan: line 21 bad char (ASCII 61)
Token(TK.ID i 21)
Token(TK.MINUS - 21)
Token(TK.NUM 1 21)
scan: line 21 bad char (ASCII 62)
Token(TK.PRINT ! 22)
Token(TK.ID i 22)
Token(TK.PRINT ! 23)
Token(TK.ID k 23)
Token(TK.EOF *EOF* 25)
