running e2c t44
Token(TK.DECLARE @ 2)
Token(TK.ID a 2)
Token(TK.ID a 3)
scan: line 3 bad char (ASCII 61)
Token(TK.NUM 999 3)
Token(TK.PRINT ! 4)
Token(TK.ID a 4)
Token(TK.PLUS + 4)
Token(TK.ID a 4)
Token(TK.IF [ 5)
Token(TK.ID a 5)
Token(TK.THEN : 5)
Token(TK.PRINT ! 5)
Token(TK.NUM 1111 5)
Token(TK.ELSE % 6)
Token(TK.DECLARE @ 6)
Token(TK.ID a 6)
Token(TK.ID a 7)
scan: line 7 bad char (ASCII 61)
Token(TK.NUM 8888 7)
Token(TK.PRINT ! 8)
Token(TK.ID a 8)
scan: line 9 bad char (ASCII 126)
Token(TK.ID a 9)
scan: line 9 bad char (ASCII 61)
Token(TK.NUM 11 9)
scan: line 10 bad char (ASCII 126)
Token(TK.NUM 0 10)
Token(TK.ID a 10)
scan: line 10 bad char (ASCII 61)
Token(TK.ID a 10)
Token(TK.PLUS + 10)
Token(TK.NUM 10000 10)
scan: line 11 bad char (ASCII 126)
Token(TK.NUM 1 11)
Token(TK.ID a 11)
scan: line 11 bad char (ASCII 61)
scan: line 11 bad char (ASCII 126)
Token(TK.NUM 1 11)
Token(TK.ID a 11)
Token(TK.PLUS + 11)
Token(TK.NUM 1 11)
Token(TK.PRINT ! 12)
Token(TK.ID a 12)
Token(TK.PRINT ! 12)
scan: line 12 bad char (ASCII 126)
Token(TK.ID a 12)
Token(TK.PRINT ! 12)
scan: line 12 bad char (ASCII 126)
Token(TK.NUM 0 12)
Token(TK.ID a 12)
Token(TK.PRINT ! 12)
scan: line 12 bad char (ASCII 126)
Token(TK.NUM 1 12)
Token(TK.ID a 12)
Token(TK.ENDIF ] 13)
Token(TK.PRINT ! 14)
Token(TK.ID a 14)
Token(TK.PRINT ! 15)
scan: line 15 bad char (ASCII 126)
Token(TK.ID a 15)
Token(TK.PRINT ! 16)
scan: line 16 bad char (ASCII 126)
Token(TK.NUM 0 16)
Token(TK.ID a 16)
Token(TK.EOF *EOF* 17)
